{
  "RSpec": {
    "coverage": {
      "/home/shaynk/repos/baseball-now-rails/app/helpers/application_helper.rb": [
        1,
        null
      ],
      "/home/shaynk/repos/baseball-now-rails/app/models/player.rb": [
        1,
        1,
        null
      ],
      "/home/shaynk/repos/baseball-now-rails/app/models/application_record.rb": [
        1,
        1,
        null
      ],
      "/home/shaynk/repos/baseball-now-rails/app/controllers/application_controller.rb": [
        0,
        0,
        0
      ],
      "/home/shaynk/repos/baseball-now-rails/app/controllers/players_controller.rb": [
        0,
        0,
        0,
        0,
        0,
        0,
        0
      ]
    },
    "timestamp": 1502214234
  }
}
